[debug] [2022-01-05T21:16:10.354Z] ----------------------------------------------------------------------
[debug] [2022-01-05T21:16:10.356Z] Command:       C:\Program Files\nodejs\node.exe C:\Users\hosen\AppData\Roaming\npm\node_modules\firebase-tools\lib\bin\firebase.js init
[debug] [2022-01-05T21:16:10.356Z] CLI Version:   10.0.1
[debug] [2022-01-05T21:16:10.356Z] Platform:      win32
[debug] [2022-01-05T21:16:10.357Z] Node Version:  v16.13.1
[debug] [2022-01-05T21:16:10.357Z] Time:          Wed Jan 05 2022 22:16:10 GMT+0100 (Central European Standard Time)
[debug] [2022-01-05T21:16:10.358Z] ----------------------------------------------------------------------
[debug] 
[debug] [2022-01-05T21:16:10.411Z] > command requires scopes: ["email","openid","https://www.googleapis.com/auth/cloudplatformprojects.readonly","https://www.googleapis.com/auth/firebase","https://www.googleapis.com/auth/cloud-platform"]
[debug] [2022-01-05T21:16:10.411Z] > authorizing via signed-in user (din.kulaglic@bosnjackagim.edu.ba)
[info] 
     ######## #### ########  ######## ########     ###     ######  ########
     ##        ##  ##     ## ##       ##     ##  ##   ##  ##       ##
     ######    ##  ########  ######   ########  #########  ######  ######
     ##        ##  ##    ##  ##       ##     ## ##     ##       ## ##
     ##       #### ##     ## ######## ########  ##     ##  ######  ########

You're about to initialize a Firebase project in this directory:

  C:\Users\hosen\Desktop\Project5(final)\project5(final)

Before we get started, keep in mind:

  * You are initializing within an existing Firebase project directory

